[17May2025 00:02:45.480] [Server thread/INFO] [net.minecraft.server.MinecraftServer/]: AronTR fell from a high place
[17May2025 00:02:45.484] [Server thread/INFO] [tombstone/]: The player AronTR has successfully been saved
[17May2025 00:07:12.570] [Server thread/INFO] [net.minecraft.server.MinecraftServer/]: AronTR was slain by Hoglin
[17May2025 00:07:12.578] [Server thread/INFO] [tombstone/]: The player AronTR has successfully been saved
[17May2025 00:07:34.317] [Server thread/INFO] [net.minecraft.server.MinecraftServer/]: AronTR was slain by Hoglin
[17May2025 00:17:20.841] [Server thread/INFO] [net.minecraft.server.MinecraftServer/]: [DestroyMarce7: Teleported AronTR to DestroyMarce7]
[17May2025 00:18:01.117] [Server thread/INFO] [net.minecraft.server.MinecraftServer/]: [DestroyMarce7: Set own game mode to Creative Mode]
[17May2025 00:18:09.265] [Server thread/INFO] [net.minecraft.server.MinecraftServer/]: [DestroyMarce7: Set own game mode to Survival Mode]
[17May2025 00:26:14.186] [Server thread/WARN] [net.minecraft.server.level.ServerPlayerGameMode/]: Mismatch in destroy block pos: BlockPos{x=139, y=58, z=-1912} BlockPos{x=136, y=54, z=-1909}
[17May2025 00:26:14.244] [Server thread/WARN] [net.minecraft.server.level.ServerPlayerGameMode/]: Mismatch in destroy block pos: BlockPos{x=139, y=58, z=-1912} BlockPos{x=136, y=54, z=-1909}
[17May2025 00:27:28.138] [Worker-Main-15/WARN] [ModernFix/]: Skipped emitting ENTITY_MOUNT game event for entity Strider['Strider'/51578, l='ServerLevel[Mundo nuevo]', x=94.00, y=31.00, z=-2125.00] as it would cause deadlock
[17May2025 00:27:32.631] [Server thread/INFO] [net.minecraft.server.MinecraftServer/]: AronTR has made the advancement [Darude - Firestorm]
[17May2025 00:28:33.334] [Worker-Main-14/WARN] [ModernFix/]: Skipped emitting ENTITY_MOUNT game event for entity Strider['Strider'/51891, l='ServerLevel[Mundo nuevo]', x=-18.00, y=31.00, z=-2174.00] as it would cause deadlock
[17May2025 00:28:57.744] [Worker-Main-15/WARN] [ModernFix/]: Skipped emitting ENTITY_MOUNT game event for entity Strider['Strider'/52018, l='ServerLevel[Mundo nuevo]', x=195.00, y=31.00, z=-2171.00] as it would cause deadlock
[17May2025 00:30:57.381] [Worker-Main-16/WARN] [ModernFix/]: Skipped emitting ENTITY_MOUNT game event for entity Strider['Strider'/52497, l='ServerLevel[Mundo nuevo]', x=-94.00, y=31.00, z=-2196.00] as it would cause deadlock
[17May2025 00:40:31.084] [Worker-Main-24/WARN] [ModernFix/]: Skipped emitting ENTITY_MOUNT game event for entity Strider['Strider'/55183, l='ServerLevel[Mundo nuevo]', x=-7.00, y=31.00, z=-2279.00] as it would cause deadlock
[17May2025 00:43:36.449] [Server thread/INFO] [net.minecraft.server.MinecraftServer/]: DestroyMarce7 has made the advancement [Dragon Commander]
[17May2025 00:45:25.170] [Server thread/INFO] [net.minecraft.server.MinecraftServer/]: AronTR was slain by Piglin
[17May2025 00:45:53.668] [Server thread/INFO] [net.minecraft.server.network.ServerGamePacketListenerImpl/]: AronTR lost connection: Timed out
[17May2025 00:45:53.668] [Server thread/INFO] [net.minecraft.server.MinecraftServer/]: AronTR left the game
[17May2025 00:45:53.669] [Server thread/INFO] [voicechat/]: [voicechat] Disconnecting client AronTR
[17May2025 00:46:01.478] [Server thread/INFO] [net.minecraft.server.players.PlayerList/]: AronTR[/127.253.182.247:44889] logged in with entity id 56092 at (1038.5, 175.0, -1204.5)
[17May2025 00:46:01.534] [Server thread/INFO] [net.minecraft.server.MinecraftServer/]: AronTR joined the game
[17May2025 00:46:01.597] [Server thread/INFO] [Jade/]: Syncing config to AronTR (1abab2bd-e836-3702-9517-15ef6b39c0d6)
[17May2025 00:46:02.115] [Server thread/INFO] [voicechat/]: [voicechat] Received secret request of AronTR (18)
[17May2025 00:46:02.115] [Server thread/INFO] [voicechat/]: [voicechat] Sent secret to AronTR
[17May2025 00:49:36.789] [Server thread/INFO] [net.minecraft.server.MinecraftServer/]: [DestroyMarce7: Teleported DestroyMarce7 to 886.500000, 107.500000, -2820.500000]
[17May2025 00:49:47.333] [Server thread/INFO] [net.minecraft.server.MinecraftServer/]: [DestroyMarce7: Teleported DestroyMarce7 to 824.500000, 108.500000, -2722.500000]
[17May2025 00:50:03.774] [Server thread/INFO] [net.minecraft.server.MinecraftServer/]: DestroyMarce7 was turned into KFC by Fire Dragon
[17May2025 00:50:03.787] [Server thread/INFO] [tombstone/]: The player DestroyMarce7 has successfully been saved
[17May2025 00:50:32.470] [Server thread/INFO] [net.minecraft.server.MinecraftServer/]: DestroyMarce7 was incinerated by Fire Dragon
[17May2025 00:50:38.100] [Server thread/INFO] [net.minecraft.server.MinecraftServer/]: [DestroyMarce7: Teleported DestroyMarce7 to 853.500000, 120.500000, -2715.500000]
[17May2025 00:50:48.969] [Server thread/WARN] [net.minecraft.server.MinecraftServer/]: Can't keep up! Is the server overloaded? Running 2571ms or 51 ticks behind
[17May2025 00:51:11.377] [Server thread/INFO] [net.minecraft.server.MinecraftServer/]: DestroyMarce7 was burnt to a crisp whilst fighting Fire Dragon
[17May2025 00:51:11.380] [Server thread/INFO] [tombstone/]: The player DestroyMarce7 has successfully been saved
[17May2025 00:51:15.550] [Server thread/INFO] [net.minecraft.server.MinecraftServer/]: [DestroyMarce7: Teleported DestroyMarce7 to 852.500000, 121.500000, -2708.500000]
[17May2025 00:51:40.751] [Server thread/INFO] [net.minecraft.server.MinecraftServer/]: [DestroyMarce7: Teleported DestroyMarce7 to 872.500000, 177.500000, -2935.500000]
[17May2025 00:51:58.030] [Server thread/INFO] [net.minecraft.server.MinecraftServer/]: [DestroyMarce7: Teleported DestroyMarce7 to 871.500000, 170.500000, -3057.500000]
[17May2025 00:52:46.731] [Server thread/INFO] [net.minecraft.server.MinecraftServer/]: [DestroyMarce7: Teleported DestroyMarce7 to 973.500000, 102.500000, -3161.500000]
[17May2025 00:53:45.376] [Server thread/INFO] [net.minecraft.server.MinecraftServer/]: [DestroyMarce7: Teleported DestroyMarce7 to 1228.500000, 25.500000, -3255.500000]
[17May2025 00:53:55.973] [Server thread/INFO] [net.minecraft.server.MinecraftServer/]: [DestroyMarce7: Teleported DestroyMarce7 to 1276.500000, 32.500000, -3235.500000]
[17May2025 00:53:58.321] [Worker-Main-24/WARN] [ModernFix/]: Skipped emitting ENTITY_MOUNT game event for entity Spider['Spider'/61835, l='ServerLevel[Mundo nuevo]', x=1354.50, y=-28.00, z=-3342.50] as it would cause deadlock
[17May2025 00:54:07.087] [Server thread/INFO] [net.minecraft.server.MinecraftServer/]: [DestroyMarce7: Teleported DestroyMarce7 to 1321.500000, 20.500000, -3291.500000]
[17May2025 00:54:07.952] [Worker-Main-15/WARN] [ModernFix/]: Skipped emitting ENTITY_MOUNT game event for entity Spider['Spider'/61879, l='ServerLevel[Mundo nuevo]', x=1354.50, y=-28.00, z=-3350.50] as it would cause deadlock
[17May2025 00:54:30.923] [Server thread/INFO] [net.minecraft.server.MinecraftServer/]: [DestroyMarce7: Teleported DestroyMarce7 to 1264.500000, -8.500000, -3337.500000]
[17May2025 00:54:31.493] [Worker-Main-24/WARN] [ModernFix/]: Skipped emitting ENTITY_MOUNT game event for entity Spider['Spider'/62027, l='ServerLevel[Mundo nuevo]', x=1301.50, y=-3.00, z=-3400.50] as it would cause deadlock
[17May2025 00:54:31.508] [Worker-Main-24/WARN] [ModernFix/]: Skipped emitting ENTITY_MOUNT game event for entity Spider['Spider'/62029, l='ServerLevel[Mundo nuevo]', x=1293.50, y=-3.00, z=-3400.50] as it would cause deadlock
[17May2025 00:54:31.900] [Worker-Main-24/WARN] [ModernFix/]: Skipped emitting ENTITY_MOUNT game event for entity Spider['Spider'/62040, l='ServerLevel[Mundo nuevo]', x=1298.50, y=-28.00, z=-3408.50] as it would cause deadlock
[17May2025 00:54:32.159] [Worker-Main-14/WARN] [ModernFix/]: Skipped emitting ENTITY_MOUNT game event for entity Spider['Spider'/62052, l='ServerLevel[Mundo nuevo]', x=1348.50, y=-3.00, z=-3419.50] as it would cause deadlock
[17May2025 00:54:32.160] [Worker-Main-14/WARN] [ModernFix/]: Skipped emitting ENTITY_MOUNT game event for entity Spider['Spider'/62054, l='ServerLevel[Mundo nuevo]', x=1348.50, y=-3.00, z=-3411.50] as it would cause deadlock
[17May2025 00:54:32.663] [Worker-Main-16/WARN] [ModernFix/]: Skipped emitting ENTITY_MOUNT game event for entity Spider['Spider'/62081, l='ServerLevel[Mundo nuevo]', x=1293.50, y=-3.00, z=-3425.50] as it would cause deadlock
[17May2025 00:54:32.757] [Worker-Main-15/WARN] [ModernFix/]: Skipped emitting ENTITY_MOUNT game event for entity Spider['Spider'/62086, l='ServerLevel[Mundo nuevo]', x=1301.50, y=-3.00, z=-3425.50] as it would cause deadlock
[17May2025 00:54:33.128] [Server thread/WARN] [net.minecraft.world.level.entity.PersistentEntitySectionManager/]: UUID of added entity already exists: SpawnerCarrierEntity['Spawner Carrier'/62104, l='ServerLevel[Mundo nuevo]', x=1347.50, y=-3.00, z=-3380.50]
[17May2025 00:54:33.128] [Server thread/WARN] [net.minecraft.world.level.entity.PersistentEntitySectionManager/]: UUID of added entity already exists: ArmorStand['Armor Stand'/62105, l='ServerLevel[Mundo nuevo]', x=1351.50, y=-4.00, z=-3385.50]
[17May2025 00:54:33.128] [Server thread/WARN] [net.minecraft.world.level.entity.PersistentEntitySectionManager/]: UUID of added entity already exists: ArmorStand['Armor Stand'/62106, l='ServerLevel[Mundo nuevo]', x=1359.50, y=-4.00, z=-3385.50]
[17May2025 00:54:34.582] [Worker-Main-15/WARN] [ModernFix/]: Skipped emitting ENTITY_MOUNT game event for entity Spider['Spider'/62140, l='ServerLevel[Mundo nuevo]', x=1300.50, y=-3.00, z=-3453.50] as it would cause deadlock
[17May2025 00:54:34.681] [Worker-Main-16/WARN] [ModernFix/]: Skipped emitting ENTITY_MOUNT game event for entity CaveSpider['Cave Spider'/62154, l='ServerLevel[Mundo nuevo]', x=1390.50, y=-3.00, z=-3422.50] as it would cause deadlock
[17May2025 00:54:35.746] [Worker-Main-15/WARN] [ModernFix/]: Skipped emitting ENTITY_MOUNT game event for entity Spider['Spider'/62212, l='ServerLevel[Mundo nuevo]', x=1405.50, y=-53.00, z=-3439.50] as it would cause deadlock
[17May2025 00:54:36.360] [Worker-Main-14/WARN] [ModernFix/]: Skipped emitting ENTITY_MOUNT game event for entity CaveSpider['Cave Spider'/62233, l='ServerLevel[Mundo nuevo]', x=1412.50, y=-6.00, z=-3411.50] as it would cause deadlock
[17May2025 00:54:37.287] [Worker-Main-15/WARN] [ModernFix/]: Skipped emitting ENTITY_MOUNT game event for entity CaveSpider['Cave Spider'/62264, l='ServerLevel[Mundo nuevo]', x=1427.50, y=-53.00, z=-3336.50] as it would cause deadlock
[17May2025 00:54:38.890] [Worker-Main-16/WARN] [ModernFix/]: Skipped emitting ENTITY_MOUNT game event for entity Spider['Spider'/62304, l='ServerLevel[Mundo nuevo]', x=1299.50, y=-3.00, z=-3508.50] as it would cause deadlock
[17May2025 00:54:41.344] [Worker-Main-16/WARN] [ModernFix/]: Skipped emitting ENTITY_MOUNT game event for entity Spider['Spider'/62350, l='ServerLevel[Mundo nuevo]', x=1287.50, y=-3.00, z=-3533.50] as it would cause deadlock
[17May2025 00:54:41.345] [Worker-Main-16/WARN] [ModernFix/]: Skipped emitting ENTITY_MOUNT game event for entity Spider['Spider'/62353, l='ServerLevel[Mundo nuevo]', x=1295.50, y=-3.00, z=-3533.50] as it would cause deadlock
[17May2025 00:54:41.356] [Worker-Main-15/WARN] [ModernFix/]: Skipped emitting ENTITY_MOUNT game event for entity Spider['Spider'/62355, l='ServerLevel[Mundo nuevo]', x=1331.50, y=-53.00, z=-3527.50] as it would cause deadlock
[17May2025 00:54:45.665] [Server thread/INFO] [net.minecraft.server.MinecraftServer/]: [DestroyMarce7: Teleported DestroyMarce7 to 1367.500000, -3.500000, -3414.500000]
[17May2025 00:54:46.154] [Worker-Main-16/WARN] [ModernFix/]: Skipped emitting ENTITY_MOUNT game event for entity Spider['Spider'/62625, l='ServerLevel[Mundo nuevo]', x=1428.50, y=-28.00, z=-3485.50] as it would cause deadlock
[17May2025 00:54:47.708] [Worker-Main-16/WARN] [ModernFix/]: Skipped emitting ENTITY_MOUNT game event for entity Spider['Spider'/62701, l='ServerLevel[Mundo nuevo]', x=1459.50, y=-53.00, z=-3358.50] as it would cause deadlock
[17May2025 00:54:52.550] [Server thread/INFO] [net.minecraft.server.MinecraftServer/]: [DestroyMarce7: Teleported DestroyMarce7 to 1413.500000, -9.500000, -3416.500000]
[17May2025 00:54:53.859] [Worker-Main-24/WARN] [ModernFix/]: Skipped emitting ENTITY_MOUNT game event for entity Spider['Spider'/62820, l='ServerLevel[Mundo nuevo]', x=1487.50, y=-3.00, z=-3537.50] as it would cause deadlock
[17May2025 00:54:54.264] [Worker-Main-15/WARN] [ModernFix/]: Skipped emitting ENTITY_MOUNT game event for entity Spider['Spider'/62834, l='ServerLevel[Mundo nuevo]', x=1495.50, y=-3.00, z=-3537.50] as it would cause deadlock
[17May2025 00:54:56.858] [Server thread/INFO] [net.minecraft.server.MinecraftServer/]: [DestroyMarce7: Teleported DestroyMarce7 to 1386.500000, -3.500000, -3476.500000]
[17May2025 00:54:57.610] [Server thread/WARN] [net.minecraft.server.MinecraftServer/]: Can't keep up! Is the server overloaded? Running 2061ms or 41 ticks behind
[17May2025 00:55:09.191] [Server thread/INFO] [net.minecraft.server.MinecraftServer/]: [DestroyMarce7: Teleported DestroyMarce7 to 1324.500000, -3.500000, -3529.500000]
[17May2025 00:55:18.827] [Server thread/INFO] [net.minecraft.server.MinecraftServer/]: [DestroyMarce7: Teleported DestroyMarce7 to 1296.500000, -5.500000, -3535.500000]
[17May2025 00:55:21.725] [Server thread/INFO] [net.minecraft.server.MinecraftServer/]: [DestroyMarce7: Teleported DestroyMarce7 to 1277.500000, -12.500000, -3555.500000]
[17May2025 00:55:34.576] [Server thread/INFO] [net.minecraft.server.MinecraftServer/]: [DestroyMarce7: Teleported DestroyMarce7 to 1247.500000, 63.500000, -3606.500000]
[17May2025 00:55:42.212] [Server thread/WARN] [net.minecraft.server.MinecraftServer/]: Can't keep up! Is the server overloaded? Running 2013ms or 40 ticks behind
[17May2025 00:55:43.838] [Server thread/ERROR] [net.minecraft.Util/]: Invalid entity rotation: NaN, discarding.
[17May2025 00:55:47.882] [Server thread/INFO] [net.minecraft.server.MinecraftServer/]: [DestroyMarce7: Teleported DestroyMarce7 to 1168.500000, 65.500000, -3695.500000]
[17May2025 00:56:03.780] [Server thread/WARN] [net.minecraft.server.MinecraftServer/]: Can't keep up! Is the server overloaded? Running 6581ms or 131 ticks behind
[17May2025 00:56:04.948] [Server thread/INFO] [net.minecraft.server.MinecraftServer/]: AronTR was slain by Piglin Brute
[17May2025 00:56:04.981] [Server thread/INFO] [tombstone/]: The player AronTR has successfully been saved
[17May2025 00:56:08.120] [Server thread/INFO] [net.minecraft.server.MinecraftServer/]: DestroyMarce7 has made the advancement [Tie me to the Mast]
[17May2025 00:56:48.733] [Server thread/INFO] [net.minecraft.server.MinecraftServer/]: [DestroyMarce7: Teleported DestroyMarce7 to 1143.500000, 85.500000, -3805.500000]
[17May2025 00:57:04.972] [Server thread/INFO] [net.minecraft.server.MinecraftServer/]: [DestroyMarce7: Teleported DestroyMarce7 to 1189.500000, -31.500000, -3834.500000]
[17May2025 00:57:36.725] [Server thread/INFO] [net.minecraft.server.MinecraftServer/]: [DestroyMarce7: Teleported DestroyMarce7 to 1159.500000, -12.500000, -3877.500000]
[17May2025 00:57:43.082] [Server thread/INFO] [net.minecraft.server.MinecraftServer/]: [DestroyMarce7: Teleported DestroyMarce7 to 1195.500000, -7.500000, -3928.500000]
[17May2025 00:57:57.663] [Worker-Main-15/WARN] [ModernFix/]: Skipped emitting ENTITY_MOUNT game event for entity Strider['Strider'/65231, l='ServerLevel[Mundo nuevo]', x=10.00, y=31.00, z=-2500.00] as it would cause deadlock
[17May2025 00:58:33.275] [Server thread/INFO] [net.minecraft.server.MinecraftServer/]: [DestroyMarce7: Teleported DestroyMarce7 to 1164.500000, -16.500000, -3977.500000]
[17May2025 00:58:38.320] [Server thread/INFO] [net.minecraft.server.MinecraftServer/]: [DestroyMarce7: Teleported DestroyMarce7 to 1206.500000, -15.500000, -4019.500000]
[17May2025 00:58:47.476] [Server thread/INFO] [net.minecraft.server.MinecraftServer/]: [DestroyMarce7: Teleported DestroyMarce7 to 1253.500000, 5.500000, -4071.500000]
[17May2025 00:59:00.229] [Worker-Main-15/WARN] [ModernFix/]: Skipped emitting ENTITY_MOUNT game event for entity Strider['Strider'/65657, l='ServerLevel[Mundo nuevo]', x=87.00, y=31.00, z=-2550.00] as it would cause deadlock
[17May2025 00:59:23.071] [Server thread/INFO] [net.minecraft.server.MinecraftServer/]: [DestroyMarce7: Teleported DestroyMarce7 to 1280.500000, -0.500000, -4117.500000]
[17May2025 00:59:41.112] [Server thread/WARN] [net.minecraft.server.network.ServerGamePacketListenerImpl/]: DestroyMarce7 moved too quickly! -1.8336522084355238,2.1982269770018292,-9.790893353831962
[17May2025 00:59:54.870] [Server thread/INFO] [net.minecraft.server.MinecraftServer/]: [DestroyMarce7: Teleported DestroyMarce7 to 1413.500000, 64.500000, -4236.500000]
[17May2025 01:00:24.916] [Server thread/INFO] [net.minecraft.server.MinecraftServer/]: [DestroyMarce7: Teleported DestroyMarce7 to -2388.500000, 77.500000, -5597.500000]
